2020-08-24 12:19:03,749 - tensorflow - WARNING - No training configuration found in save file, so the model was *not* compiled. Compile it manually.
2020-08-24 12:19:04,162 - tensorflow - WARNING - No training configuration found in save file, so the model was *not* compiled. Compile it manually.
2020-08-24 12:19:21,252 - tensorflow - WARNING - No training configuration found in save file, so the model was *not* compiled. Compile it manually.
2020-08-24 12:19:21,479 - tensorflow - WARNING - No training configuration found in save file, so the model was *not* compiled. Compile it manually.
2020-08-24 12:19:36,493 - tensorflow - WARNING - No training configuration found in save file, so the model was *not* compiled. Compile it manually.
2020-08-24 12:19:36,720 - tensorflow - WARNING - No training configuration found in save file, so the model was *not* compiled. Compile it manually.
2020-08-24 12:20:10,774 - tensorflow - WARNING - No training configuration found in save file, so the model was *not* compiled. Compile it manually.
2020-08-24 12:20:11,050 - tensorflow - WARNING - No training configuration found in save file, so the model was *not* compiled. Compile it manually.
2020-08-24 12:21:32,653 - tensorflow - WARNING - No training configuration found in save file, so the model was *not* compiled. Compile it manually.
2020-08-24 12:21:32,886 - tensorflow - WARNING - No training configuration found in save file, so the model was *not* compiled. Compile it manually.
2020-08-24 12:21:48,221 - tensorflow - WARNING - No training configuration found in save file, so the model was *not* compiled. Compile it manually.
2020-08-24 12:21:48,443 - tensorflow - WARNING - No training configuration found in save file, so the model was *not* compiled. Compile it manually.
2020-08-24 12:21:48,445 - pyswarms.single.global_best - INFO - Optimize for 100 iters with {'c1': 0.5, 'c2': 0.3, 'w': 0.9, 'k': 5, 'p': 2}
2020-08-24 12:21:50,847 - pyswarms.single.global_best - INFO - Optimization finished | best cost: -1.0, best pos: [36.67606445 21.8387998   8.97910568  5.25401297  7.32412354]
2020-08-24 12:22:57,315 - tensorflow - WARNING - No training configuration found in save file, so the model was *not* compiled. Compile it manually.
2020-08-24 12:22:57,543 - tensorflow - WARNING - No training configuration found in save file, so the model was *not* compiled. Compile it manually.
2020-08-24 12:24:55,306 - tensorflow - WARNING - No training configuration found in save file, so the model was *not* compiled. Compile it manually.
2020-08-24 12:24:55,533 - tensorflow - WARNING - No training configuration found in save file, so the model was *not* compiled. Compile it manually.
2020-08-24 12:24:55,535 - pyswarms.single.global_best - INFO - Optimize for 100 iters with {'c1': 0.5, 'c2': 0.3, 'w': 0.9, 'k': 5, 'p': 2}
2020-08-24 12:27:45,688 - tensorflow - WARNING - No training configuration found in save file, so the model was *not* compiled. Compile it manually.
2020-08-24 12:27:45,980 - tensorflow - WARNING - No training configuration found in save file, so the model was *not* compiled. Compile it manually.
2020-08-24 12:27:45,983 - pyswarms.single.global_best - INFO - Optimize for 100 iters with {'c1': 0.5, 'c2': 0.3, 'w': 0.9, 'k': 5, 'p': 2}
2020-08-24 12:29:14,142 - tensorflow - WARNING - No training configuration found in save file, so the model was *not* compiled. Compile it manually.
2020-08-24 12:29:14,428 - tensorflow - WARNING - No training configuration found in save file, so the model was *not* compiled. Compile it manually.
2020-08-24 12:29:14,431 - pyswarms.single.global_best - INFO - Optimize for 100 iters with {'c1': 0.5, 'c2': 0.3, 'w': 0.9, 'k': 5, 'p': 2}
2020-08-24 12:29:16,640 - pyswarms.single.global_best - INFO - Optimization finished | best cost: -21104.712890625, best pos: [5.60337741 2.34322924 8.73586825 8.86005421 5.02338314]
2020-08-24 12:29:58,914 - tensorflow - WARNING - No training configuration found in save file, so the model was *not* compiled. Compile it manually.
2020-08-24 12:29:59,168 - tensorflow - WARNING - No training configuration found in save file, so the model was *not* compiled. Compile it manually.
2020-08-24 12:30:30,289 - tensorflow - WARNING - No training configuration found in save file, so the model was *not* compiled. Compile it manually.
2020-08-24 12:30:30,558 - tensorflow - WARNING - No training configuration found in save file, so the model was *not* compiled. Compile it manually.
2020-08-24 12:30:30,561 - pyswarms.single.global_best - INFO - Optimize for 100 iters with {'c1': 0.5, 'c2': 0.3, 'w': 0.9, 'k': 5, 'p': 2}
2020-08-24 12:30:35,110 - pyswarms.single.global_best - INFO - Optimization finished | best cost: -578.7174072265625, best pos: [3.67836254 0.78028764 2.16277566 0.81419395 1.05302657]
2020-08-24 14:25:40,317 - tensorflow - WARNING - No training configuration found in save file, so the model was *not* compiled. Compile it manually.
2020-08-24 14:25:40,648 - tensorflow - WARNING - No training configuration found in save file, so the model was *not* compiled. Compile it manually.
2020-08-24 14:25:42,181 - pyswarms.single.global_best - INFO - Optimize for 100 iters with {'c1': 0.5, 'c2': 0.3, 'w': 0.9, 'k': 5, 'p': 2}
2020-08-24 14:28:22,083 - tensorflow - WARNING - No training configuration found in save file, so the model was *not* compiled. Compile it manually.
2020-08-24 14:28:22,384 - tensorflow - WARNING - No training configuration found in save file, so the model was *not* compiled. Compile it manually.
2020-08-24 14:28:23,797 - pyswarms.single.global_best - INFO - Optimize for 100 iters with {'c1': 0.5, 'c2': 0.3, 'w': 0.9, 'k': 5, 'p': 2}
2020-08-24 14:28:50,647 - tensorflow - WARNING - No training configuration found in save file, so the model was *not* compiled. Compile it manually.
2020-08-24 14:28:50,997 - tensorflow - WARNING - No training configuration found in save file, so the model was *not* compiled. Compile it manually.
2020-08-24 14:28:52,418 - pyswarms.single.global_best - INFO - Optimize for 100 iters with {'c1': 0.5, 'c2': 0.3, 'w': 0.9, 'k': 5, 'p': 2}
2020-08-24 14:29:28,028 - tensorflow - WARNING - No training configuration found in save file, so the model was *not* compiled. Compile it manually.
2020-08-24 14:29:28,256 - tensorflow - WARNING - No training configuration found in save file, so the model was *not* compiled. Compile it manually.
2020-08-24 14:29:29,654 - pyswarms.single.global_best - INFO - Optimize for 100 iters with {'c1': 0.5, 'c2': 0.3, 'w': 0.9, 'k': 5, 'p': 2}
2020-08-24 14:30:08,560 - tensorflow - WARNING - No training configuration found in save file, so the model was *not* compiled. Compile it manually.
2020-08-24 14:30:08,828 - tensorflow - WARNING - No training configuration found in save file, so the model was *not* compiled. Compile it manually.
2020-08-24 14:30:08,866 - pyswarms.single.global_best - INFO - Optimize for 100 iters with {'c1': 0.5, 'c2': 0.3, 'w': 0.9, 'k': 5, 'p': 2}
2020-08-24 14:31:49,120 - tensorflow - WARNING - No training configuration found in save file, so the model was *not* compiled. Compile it manually.
2020-08-24 14:31:49,444 - tensorflow - WARNING - No training configuration found in save file, so the model was *not* compiled. Compile it manually.
2020-08-24 14:31:49,486 - pyswarms.single.global_best - INFO - Optimize for 100 iters with {'c1': 0.5, 'c2': 0.3, 'w': 0.9, 'k': 5, 'p': 2}
2020-08-24 14:33:02,295 - tensorflow - WARNING - No training configuration found in save file, so the model was *not* compiled. Compile it manually.
2020-08-24 14:33:02,622 - tensorflow - WARNING - No training configuration found in save file, so the model was *not* compiled. Compile it manually.
2020-08-24 14:33:02,709 - pyswarms.single.global_best - INFO - Optimize for 100 iters with {'c1': 0.5, 'c2': 0.3, 'w': 0.9, 'k': 5, 'p': 2}
2020-08-24 14:33:08,991 - pyswarms.single.global_best - INFO - Optimization finished | best cost: 0.0011371708673223188, best pos: [ 0.72  0.37  0.32 -0.73  0.72]
2020-08-24 14:34:14,253 - tensorflow - WARNING - No training configuration found in save file, so the model was *not* compiled. Compile it manually.
2020-08-24 14:34:14,642 - tensorflow - WARNING - No training configuration found in save file, so the model was *not* compiled. Compile it manually.
2020-08-24 14:34:14,682 - pyswarms.single.global_best - INFO - Optimize for 100 iters with {'c1': 0.5, 'c2': 0.3, 'w': 0.9, 'k': 5, 'p': 2}
2020-08-24 14:34:18,672 - pyswarms.single.global_best - INFO - Optimization finished | best cost: 2.461179118435178e-09, best pos: [ 0.22 -0.01  0.45  0.05 -0.72]
2020-08-24 14:34:53,384 - tensorflow - WARNING - No training configuration found in save file, so the model was *not* compiled. Compile it manually.
2020-08-24 14:34:53,652 - tensorflow - WARNING - No training configuration found in save file, so the model was *not* compiled. Compile it manually.
2020-08-24 14:34:53,690 - pyswarms.single.global_best - INFO - Optimize for 100 iters with {'c1': 0.5, 'c2': 0.3, 'w': 0.9, 'k': 5, 'p': 2}
2020-08-24 14:34:53,810 - tensorflow - WARNING - Model was constructed with shape (None, 5) for input Tensor("input_2:0", shape=(None, 5), dtype=float32), but it was called on an input with incompatible shape (None, 10).
2020-08-24 14:35:33,529 - tensorflow - WARNING - No training configuration found in save file, so the model was *not* compiled. Compile it manually.
2020-08-24 14:35:33,847 - tensorflow - WARNING - No training configuration found in save file, so the model was *not* compiled. Compile it manually.
2020-08-24 14:35:33,952 - pyswarms.single.global_best - INFO - Optimize for 100 iters with {'c1': 0.5, 'c2': 0.3, 'w': 0.9, 'k': 5, 'p': 2}
2020-08-24 14:35:34,068 - tensorflow - WARNING - Model was constructed with shape (None, 5) for input Tensor("input_2:0", shape=(None, 5), dtype=float32), but it was called on an input with incompatible shape (None, 10).
2020-08-24 14:36:35,864 - tensorflow - WARNING - No training configuration found in save file, so the model was *not* compiled. Compile it manually.
2020-08-24 14:36:36,191 - tensorflow - WARNING - No training configuration found in save file, so the model was *not* compiled. Compile it manually.
2020-08-24 14:36:36,229 - pyswarms.single.global_best - INFO - Optimize for 100 iters with {'c1': 0.5, 'c2': 0.3, 'w': 0.9, 'k': 5, 'p': 2}
2020-08-24 14:36:40,515 - pyswarms.single.global_best - INFO - Optimization finished | best cost: 0.00017514143429141278, best pos: [ 0.51 -0.41 -0.64 -0.73  0.27  0.1   0.34 -0.9  -0.96  0.06]
2020-08-24 14:37:34,749 - tensorflow - WARNING - No training configuration found in save file, so the model was *not* compiled. Compile it manually.
2020-08-24 14:37:34,975 - tensorflow - WARNING - No training configuration found in save file, so the model was *not* compiled. Compile it manually.
2020-08-24 14:37:35,018 - pyswarms.single.global_best - INFO - Optimize for 100 iters with {'c1': 0.5, 'c2': 0.3, 'w': 0.9, 'k': 5, 'p': 2}
2020-08-24 14:37:57,310 - tensorflow - WARNING - No training configuration found in save file, so the model was *not* compiled. Compile it manually.
2020-08-24 14:37:57,639 - tensorflow - WARNING - No training configuration found in save file, so the model was *not* compiled. Compile it manually.
2020-08-24 14:37:57,688 - pyswarms.single.global_best - INFO - Optimize for 100 iters with {'c1': 0.5, 'c2': 0.3, 'w': 0.9, 'k': 5, 'p': 2}
2020-08-24 14:38:47,966 - tensorflow - WARNING - No training configuration found in save file, so the model was *not* compiled. Compile it manually.
2020-08-24 14:38:48,197 - tensorflow - WARNING - No training configuration found in save file, so the model was *not* compiled. Compile it manually.
2020-08-24 14:38:48,234 - pyswarms.single.global_best - INFO - Optimize for 100 iters with {'c1': 0.5, 'c2': 0.3, 'w': 0.9, 'k': 5, 'p': 2}
2020-08-24 14:39:13,610 - tensorflow - WARNING - No training configuration found in save file, so the model was *not* compiled. Compile it manually.
2020-08-24 14:39:13,837 - tensorflow - WARNING - No training configuration found in save file, so the model was *not* compiled. Compile it manually.
2020-08-24 14:39:13,883 - pyswarms.single.global_best - INFO - Optimize for 100 iters with {'c1': 0.5, 'c2': 0.3, 'w': 0.9, 'k': 5, 'p': 2}
2020-08-24 14:39:20,156 - pyswarms.single.global_best - INFO - Optimization finished | best cost: 0.00010520571790702448, best pos: [-0.15  0.42  1.07 -0.35  0.33 -0.2   0.61  0.12 -0.12 -0.1 ]
2020-08-24 14:42:05,085 - tensorflow - WARNING - No training configuration found in save file, so the model was *not* compiled. Compile it manually.
2020-08-24 14:42:05,366 - tensorflow - WARNING - No training configuration found in save file, so the model was *not* compiled. Compile it manually.
2020-08-24 14:42:05,406 - pyswarms.single.global_best - INFO - Optimize for 100 iters with {'c1': 0.5, 'c2': 0.3, 'w': 0.9, 'k': 5, 'p': 2}
2020-08-24 14:42:09,384 - pyswarms.single.global_best - INFO - Optimization finished | best cost: 0.061860684211354086, best pos: [-0.67 -0.49 -0.09  0.3   0.22 -0.95  0.41  0.52 -0.83 -0.25]
2020-08-24 14:42:09,404 - tensorflow - WARNING - Model was constructed with shape (None, 5) for input Tensor("input_2:0", shape=(None, 5), dtype=float32), but it was called on an input with incompatible shape (None, 1).
2020-08-24 14:42:29,031 - tensorflow - WARNING - No training configuration found in save file, so the model was *not* compiled. Compile it manually.
2020-08-24 14:42:29,264 - tensorflow - WARNING - No training configuration found in save file, so the model was *not* compiled. Compile it manually.
2020-08-24 14:42:29,301 - pyswarms.single.global_best - INFO - Optimize for 100 iters with {'c1': 0.5, 'c2': 0.3, 'w': 0.9, 'k': 5, 'p': 2}
2020-08-24 14:42:33,284 - pyswarms.single.global_best - INFO - Optimization finished | best cost: 2.8945463562154293e-06, best pos: [ 0.88  0.    0.23  0.09  0.25  0.96 -0.01  0.63  0.24  0.78]
2020-08-24 14:42:33,304 - tensorflow - WARNING - Model was constructed with shape (None, 5) for input Tensor("input_2:0", shape=(None, 5), dtype=float32), but it was called on an input with incompatible shape (None, 1).
2020-08-24 14:42:59,409 - tensorflow - WARNING - No training configuration found in save file, so the model was *not* compiled. Compile it manually.
2020-08-24 14:42:59,636 - tensorflow - WARNING - No training configuration found in save file, so the model was *not* compiled. Compile it manually.
2020-08-24 14:42:59,675 - pyswarms.single.global_best - INFO - Optimize for 100 iters with {'c1': 0.5, 'c2': 0.3, 'w': 0.9, 'k': 5, 'p': 2}
2020-08-24 14:43:03,630 - pyswarms.single.global_best - INFO - Optimization finished | best cost: 2.4843429829650584e-05, best pos: [ 0.68  0.38  0.48  0.77  0.08  0.22  0.01 -0.22 -0.24 -0.19]
2020-08-24 14:43:03,650 - tensorflow - WARNING - Model was constructed with shape (None, 5) for input Tensor("input_2:0", shape=(None, 5), dtype=float32), but it was called on an input with incompatible shape (None, 1).
2020-08-24 14:43:32,707 - tensorflow - WARNING - No training configuration found in save file, so the model was *not* compiled. Compile it manually.
2020-08-24 14:43:32,945 - tensorflow - WARNING - No training configuration found in save file, so the model was *not* compiled. Compile it manually.
2020-08-24 14:43:32,982 - pyswarms.single.global_best - INFO - Optimize for 10 iters with {'c1': 0.5, 'c2': 0.3, 'w': 0.9, 'k': 5, 'p': 2}
2020-08-24 14:43:33,516 - pyswarms.single.global_best - INFO - Optimization finished | best cost: 98.90454834271077, best pos: [ 0.08  0.98 -0.14  0.25  0.41  0.23  0.19 -1.5   0.54 -0.01]
2020-08-24 14:43:33,537 - tensorflow - WARNING - Model was constructed with shape (None, 5) for input Tensor("input_2:0", shape=(None, 5), dtype=float32), but it was called on an input with incompatible shape (None, 1).
2020-08-24 14:43:59,917 - tensorflow - WARNING - No training configuration found in save file, so the model was *not* compiled. Compile it manually.
2020-08-24 14:44:00,199 - tensorflow - WARNING - No training configuration found in save file, so the model was *not* compiled. Compile it manually.
2020-08-24 14:44:00,251 - pyswarms.single.global_best - INFO - Optimize for 10 iters with {'c1': 0.5, 'c2': 0.3, 'w': 0.9, 'k': 5, 'p': 2}
2020-08-24 14:44:00,778 - pyswarms.single.global_best - INFO - Optimization finished | best cost: 0.111261894850063, best pos: [-1.01  0.05 -0.05  0.04  0.53  0.14 -0.62  0.35  0.24 -0.43]
2020-08-24 14:44:00,799 - tensorflow - WARNING - Model was constructed with shape (None, 5) for input Tensor("input_2:0", shape=(None, 5), dtype=float32), but it was called on an input with incompatible shape (None, 1).
2020-08-24 14:49:53,081 - tensorflow - WARNING - No training configuration found in save file, so the model was *not* compiled. Compile it manually.
2020-08-24 14:49:53,366 - tensorflow - WARNING - No training configuration found in save file, so the model was *not* compiled. Compile it manually.
2020-08-24 14:49:53,407 - pyswarms.single.global_best - INFO - Optimize for 10 iters with {'c1': 0.5, 'c2': 0.3, 'w': 0.9, 'k': 5, 'p': 2}
2020-08-24 14:49:53,990 - pyswarms.single.global_best - INFO - Optimization finished | best cost: 3.2536517097558586, best pos: [ 0.25  0.33  0.12 -0.01 -0.52  0.08 -0.41  0.51 -0.3  -0.07]
2020-08-24 14:50:18,561 - tensorflow - WARNING - No training configuration found in save file, so the model was *not* compiled. Compile it manually.
2020-08-24 14:50:18,785 - tensorflow - WARNING - No training configuration found in save file, so the model was *not* compiled. Compile it manually.
2020-08-24 14:50:18,824 - pyswarms.single.global_best - INFO - Optimize for 10 iters with {'c1': 0.5, 'c2': 0.3, 'w': 0.9, 'k': 5, 'p': 2}
2020-08-24 14:50:19,371 - pyswarms.single.global_best - INFO - Optimization finished | best cost: 0.09365691929297826, best pos: [-0.38  0.41  0.06  0.02 -0.16  0.59  0.22 -1.02  0.03  0.24]
2020-08-24 14:50:38,557 - tensorflow - WARNING - No training configuration found in save file, so the model was *not* compiled. Compile it manually.
2020-08-24 14:50:38,783 - tensorflow - WARNING - No training configuration found in save file, so the model was *not* compiled. Compile it manually.
2020-08-24 14:50:38,822 - pyswarms.single.global_best - INFO - Optimize for 10 iters with {'c1': 0.5, 'c2': 0.3, 'w': 0.9, 'k': 5, 'p': 2}
2020-08-24 14:50:39,376 - pyswarms.single.global_best - INFO - Optimization finished | best cost: 0.0002968411379584503, best pos: [ 0.11  0.65  0.79  0.24 -0.18  0.21 -0.32 -0.27 -0.87 -0.13]
2020-08-24 14:51:01,992 - tensorflow - WARNING - No training configuration found in save file, so the model was *not* compiled. Compile it manually.
2020-08-24 14:51:02,239 - tensorflow - WARNING - No training configuration found in save file, so the model was *not* compiled. Compile it manually.
2020-08-24 14:51:02,290 - pyswarms.single.global_best - INFO - Optimize for 10 iters with {'c1': 0.5, 'c2': 0.3, 'w': 0.9, 'k': 5, 'p': 2}
2020-08-24 14:51:02,848 - pyswarms.single.global_best - INFO - Optimization finished | best cost: 0.35868555358096743, best pos: [ 0.47 -0.05  0.04 -0.37  0.12  0.69  0.78  0.31  0.77 -0.65]
2020-08-24 14:51:15,286 - tensorflow - WARNING - No training configuration found in save file, so the model was *not* compiled. Compile it manually.
2020-08-24 14:51:15,551 - tensorflow - WARNING - No training configuration found in save file, so the model was *not* compiled. Compile it manually.
2020-08-24 14:51:15,590 - pyswarms.single.global_best - INFO - Optimize for 10 iters with {'c1': 0.5, 'c2': 0.3, 'w': 0.9, 'k': 5, 'p': 2}
2020-08-24 14:51:16,223 - pyswarms.single.global_best - INFO - Optimization finished | best cost: 0.09931277716898973, best pos: [ 0.23 -0.16  0.45 -0.54  0.54 -0.27 -0.14  0.02 -0.96  0.71]
2020-08-24 14:51:43,476 - tensorflow - WARNING - No training configuration found in save file, so the model was *not* compiled. Compile it manually.
2020-08-24 14:51:43,704 - tensorflow - WARNING - No training configuration found in save file, so the model was *not* compiled. Compile it manually.
2020-08-24 14:51:43,742 - pyswarms.single.global_best - INFO - Optimize for 10 iters with {'c1': 0.5, 'c2': 0.3, 'w': 0.9, 'k': 5, 'p': 2}
2020-08-24 14:51:44,291 - pyswarms.single.global_best - INFO - Optimization finished | best cost: 0.07785775295724064, best pos: [-0.52 -0.28 -0.82 -0.39 -0.17  0.11 -0.15  0.51  0.24 -0.34]
2020-08-24 14:52:33,494 - tensorflow - WARNING - No training configuration found in save file, so the model was *not* compiled. Compile it manually.
2020-08-24 14:52:33,862 - tensorflow - WARNING - No training configuration found in save file, so the model was *not* compiled. Compile it manually.
2020-08-24 14:52:33,906 - pyswarms.single.global_best - INFO - Optimize for 10 iters with {'c1': 0.5, 'c2': 0.3, 'w': 0.9, 'k': 5, 'p': 2}
2020-08-24 14:52:34,473 - pyswarms.single.global_best - INFO - Optimization finished | best cost: 2.2351097425204856, best pos: [-0.02  0.32  0.35  0.14  0.15  0.26  0.45 -0.4   0.8   0.18]
2020-08-24 14:53:52,374 - tensorflow - WARNING - No training configuration found in save file, so the model was *not* compiled. Compile it manually.
2020-08-24 14:53:52,602 - tensorflow - WARNING - No training configuration found in save file, so the model was *not* compiled. Compile it manually.
2020-08-24 14:53:52,639 - pyswarms.single.global_best - INFO - Optimize for 10 iters with {'c1': 0.5, 'c2': 0.3, 'w': 0.9, 'k': 5, 'p': 2}
2020-08-24 14:53:53,188 - pyswarms.single.global_best - INFO - Optimization finished | best cost: 2.0031767793483395, best pos: [ 0.58  0.46  0.52 -0.4   0.07  0.4   0.81  0.44 -0.69  0.53]
2020-08-24 14:54:17,769 - tensorflow - WARNING - No training configuration found in save file, so the model was *not* compiled. Compile it manually.
2020-08-24 14:54:18,090 - tensorflow - WARNING - No training configuration found in save file, so the model was *not* compiled. Compile it manually.
2020-08-24 14:54:18,128 - pyswarms.single.global_best - INFO - Optimize for 10 iters with {'c1': 0.5, 'c2': 0.3, 'w': 0.9, 'k': 5, 'p': 2}
2020-08-24 14:54:18,684 - pyswarms.single.global_best - INFO - Optimization finished | best cost: 0.05929404313719225, best pos: [ 0.33 -0.33 -0.58  0.08 -0.5   0.51  0.85 -0.85  0.35  0.15]
2020-08-24 14:54:48,367 - tensorflow - WARNING - No training configuration found in save file, so the model was *not* compiled. Compile it manually.
2020-08-24 14:54:48,596 - tensorflow - WARNING - No training configuration found in save file, so the model was *not* compiled. Compile it manually.
2020-08-24 14:54:48,633 - pyswarms.single.global_best - INFO - Optimize for 100 iters with {'c1': 0.5, 'c2': 0.3, 'w': 0.9, 'k': 5, 'p': 2}
2020-08-24 14:54:52,852 - pyswarms.single.global_best - INFO - Optimization finished | best cost: 0.0001427901290355237, best pos: [0.66 0.61 0.59 0.79 0.11 0.18 0.15 0.44 0.22 0.94]
2020-08-24 14:56:15,335 - tensorflow - WARNING - No training configuration found in save file, so the model was *not* compiled. Compile it manually.
2020-08-24 14:56:15,614 - tensorflow - WARNING - No training configuration found in save file, so the model was *not* compiled. Compile it manually.
2020-08-24 14:56:15,650 - pyswarms.single.global_best - INFO - Optimize for 100 iters with {'c1': 0.5, 'c2': 0.3, 'w': 0.9, 'k': 5, 'p': 2}
2020-08-24 14:56:19,906 - pyswarms.single.global_best - INFO - Optimization finished | best cost: 7.413171576788133e-09, best pos: [-0.22 -1.24 -0.51  0.35  0.12  0.41  0.25 -0.29 -0.37  0.11]
2020-08-24 14:57:40,833 - tensorflow - WARNING - No training configuration found in save file, so the model was *not* compiled. Compile it manually.
2020-08-24 14:57:41,066 - tensorflow - WARNING - No training configuration found in save file, so the model was *not* compiled. Compile it manually.
2020-08-24 14:57:41,107 - pyswarms.single.global_best - INFO - Optimize for 100 iters with {'c1': 0.5, 'c2': 0.3, 'w': 0.9, 'k': 5, 'p': 2}
2020-08-24 14:57:45,357 - pyswarms.single.global_best - INFO - Optimization finished | best cost: 4.1634642942602676e-08, best pos: [ 0.11  1.03  0.36 -0.22 -0.26 -0.    0.43  0.16  0.25 -0.05]
2020-08-24 15:03:57,501 - tensorflow - WARNING - No training configuration found in save file, so the model was *not* compiled. Compile it manually.
2020-08-24 15:03:57,804 - tensorflow - WARNING - No training configuration found in save file, so the model was *not* compiled. Compile it manually.
2020-08-24 15:03:57,841 - pyswarms.single.global_best - INFO - Optimize for 100 iters with {'c1': 0.5, 'c2': 0.3, 'w': 0.9, 'k': 5, 'p': 2}
2020-08-24 15:04:11,897 - tensorflow - WARNING - No training configuration found in save file, so the model was *not* compiled. Compile it manually.
2020-08-24 15:04:12,121 - tensorflow - WARNING - No training configuration found in save file, so the model was *not* compiled. Compile it manually.
2020-08-24 15:04:12,159 - pyswarms.single.global_best - INFO - Optimize for 100 iters with {'c1': 0.5, 'c2': 0.3, 'w': 0.9, 'k': 5, 'p': 2}
2020-08-24 15:05:01,523 - tensorflow - WARNING - No training configuration found in save file, so the model was *not* compiled. Compile it manually.
2020-08-24 15:05:01,822 - tensorflow - WARNING - No training configuration found in save file, so the model was *not* compiled. Compile it manually.
2020-08-24 15:05:01,866 - pyswarms.single.global_best - INFO - Optimize for 100 iters with {'c1': 0.5, 'c2': 0.3, 'w': 0.9, 'k': 5, 'p': 2}
2020-08-24 15:05:15,508 - tensorflow - WARNING - No training configuration found in save file, so the model was *not* compiled. Compile it manually.
2020-08-24 15:05:15,733 - tensorflow - WARNING - No training configuration found in save file, so the model was *not* compiled. Compile it manually.
2020-08-24 15:05:15,771 - pyswarms.single.global_best - INFO - Optimize for 100 iters with {'c1': 0.5, 'c2': 0.3, 'w': 0.9, 'k': 5, 'p': 2}
2020-08-24 15:05:55,473 - tensorflow - WARNING - No training configuration found in save file, so the model was *not* compiled. Compile it manually.
2020-08-24 15:05:55,754 - tensorflow - WARNING - No training configuration found in save file, so the model was *not* compiled. Compile it manually.
2020-08-24 15:05:55,792 - pyswarms.single.global_best - INFO - Optimize for 100 iters with {'c1': 0.5, 'c2': 0.3, 'w': 0.9, 'k': 5, 'p': 2}
2020-08-24 15:06:12,650 - tensorflow - WARNING - No training configuration found in save file, so the model was *not* compiled. Compile it manually.
2020-08-24 15:06:12,883 - tensorflow - WARNING - No training configuration found in save file, so the model was *not* compiled. Compile it manually.
2020-08-24 15:06:12,924 - pyswarms.single.global_best - INFO - Optimize for 100 iters with {'c1': 0.5, 'c2': 0.3, 'w': 0.9, 'k': 5, 'p': 2}
2020-08-24 15:06:30,350 - tensorflow - WARNING - No training configuration found in save file, so the model was *not* compiled. Compile it manually.
2020-08-24 15:06:30,633 - tensorflow - WARNING - No training configuration found in save file, so the model was *not* compiled. Compile it manually.
2020-08-24 15:06:30,672 - pyswarms.single.global_best - INFO - Optimize for 100 iters with {'c1': 0.5, 'c2': 0.3, 'w': 0.9, 'k': 5, 'p': 2}
2020-08-24 15:07:20,903 - tensorflow - WARNING - No training configuration found in save file, so the model was *not* compiled. Compile it manually.
2020-08-24 15:07:21,129 - tensorflow - WARNING - No training configuration found in save file, so the model was *not* compiled. Compile it manually.
2020-08-24 15:07:21,167 - pyswarms.single.global_best - INFO - Optimize for 100 iters with {'c1': 0.5, 'c2': 0.3, 'w': 0.9, 'k': 5, 'p': 2}
2020-08-24 15:13:51,320 - tensorflow - WARNING - No training configuration found in save file, so the model was *not* compiled. Compile it manually.
2020-08-24 15:13:51,676 - tensorflow - WARNING - No training configuration found in save file, so the model was *not* compiled. Compile it manually.
2020-08-24 15:13:51,714 - pyswarms.single.global_best - INFO - Optimize for 100 iters with {'c1': 0.5, 'c2': 0.3, 'w': 0.9, 'k': 5, 'p': 2}
2020-08-24 15:14:08,379 - tensorflow - WARNING - No training configuration found in save file, so the model was *not* compiled. Compile it manually.
2020-08-24 15:14:08,659 - tensorflow - WARNING - No training configuration found in save file, so the model was *not* compiled. Compile it manually.
2020-08-24 15:14:08,698 - pyswarms.single.global_best - INFO - Optimize for 100 iters with {'c1': 0.5, 'c2': 0.3, 'w': 0.9, 'k': 5, 'p': 2}
2020-08-24 15:14:22,242 - tensorflow - WARNING - No training configuration found in save file, so the model was *not* compiled. Compile it manually.
2020-08-24 15:14:22,470 - tensorflow - WARNING - No training configuration found in save file, so the model was *not* compiled. Compile it manually.
2020-08-24 15:14:22,508 - pyswarms.single.global_best - INFO - Optimize for 100 iters with {'c1': 0.5, 'c2': 0.3, 'w': 0.9, 'k': 5, 'p': 2}
2020-08-24 15:15:27,873 - tensorflow - WARNING - No training configuration found in save file, so the model was *not* compiled. Compile it manually.
2020-08-24 15:15:28,181 - tensorflow - WARNING - No training configuration found in save file, so the model was *not* compiled. Compile it manually.
2020-08-24 15:15:28,226 - pyswarms.single.global_best - INFO - Optimize for 100 iters with {'c1': 0.5, 'c2': 0.3, 'w': 0.9, 'k': 5, 'p': 2}
2020-08-24 15:15:56,843 - tensorflow - WARNING - No training configuration found in save file, so the model was *not* compiled. Compile it manually.
2020-08-24 15:15:57,071 - tensorflow - WARNING - No training configuration found in save file, so the model was *not* compiled. Compile it manually.
2020-08-24 15:15:57,118 - pyswarms.single.global_best - INFO - Optimize for 100 iters with {'c1': 0.5, 'c2': 0.3, 'w': 0.9, 'k': 5, 'p': 2}
2020-08-24 15:16:18,507 - tensorflow - WARNING - No training configuration found in save file, so the model was *not* compiled. Compile it manually.
2020-08-24 15:16:18,732 - tensorflow - WARNING - No training configuration found in save file, so the model was *not* compiled. Compile it manually.
2020-08-24 15:16:18,774 - pyswarms.single.global_best - INFO - Optimize for 100 iters with {'c1': 0.5, 'c2': 0.3, 'w': 0.9, 'k': 5, 'p': 2}
2020-08-24 15:16:23,359 - pyswarms.single.global_best - INFO - Optimization finished | best cost: 2.229490853920689e-07, best pos: [ 0.01 -0.39 -0.79  0.16  0.43 -0.74  0.27 -0.75 -0.21 -0.16]
2020-08-24 15:16:37,883 - tensorflow - WARNING - No training configuration found in save file, so the model was *not* compiled. Compile it manually.
2020-08-24 15:16:38,109 - tensorflow - WARNING - No training configuration found in save file, so the model was *not* compiled. Compile it manually.
2020-08-24 15:16:38,153 - pyswarms.single.global_best - INFO - Optimize for 1000 iters with {'c1': 0.5, 'c2': 0.3, 'w': 0.9, 'k': 5, 'p': 2}
2020-08-24 15:18:27,836 - pyswarms.single.global_best - INFO - Optimization finished | best cost: 3.170785272368917e-17, best pos: [-0.5  -0.5   0.24 -0.11 -0.37 -0.51 -0.15 -0.97 -0.38  0.55]
2020-08-24 15:40:23,268 - tensorflow - WARNING - No training configuration found in save file, so the model was *not* compiled. Compile it manually.
2020-08-24 15:40:23,550 - tensorflow - WARNING - No training configuration found in save file, so the model was *not* compiled. Compile it manually.
2020-08-24 15:41:08,869 - tensorflow - WARNING - No training configuration found in save file, so the model was *not* compiled. Compile it manually.
2020-08-24 15:41:09,098 - tensorflow - WARNING - No training configuration found in save file, so the model was *not* compiled. Compile it manually.
2020-08-24 15:43:03,071 - tensorflow - WARNING - No training configuration found in save file, so the model was *not* compiled. Compile it manually.
2020-08-24 15:43:03,364 - tensorflow - WARNING - No training configuration found in save file, so the model was *not* compiled. Compile it manually.
2020-08-24 15:44:35,863 - tensorflow - WARNING - No training configuration found in save file, so the model was *not* compiled. Compile it manually.
2020-08-24 15:44:36,309 - tensorflow - WARNING - No training configuration found in save file, so the model was *not* compiled. Compile it manually.
2020-08-24 15:44:55,077 - tensorflow - WARNING - No training configuration found in save file, so the model was *not* compiled. Compile it manually.
2020-08-24 15:44:55,397 - tensorflow - WARNING - No training configuration found in save file, so the model was *not* compiled. Compile it manually.
2020-08-24 15:45:14,544 - tensorflow - WARNING - No training configuration found in save file, so the model was *not* compiled. Compile it manually.
2020-08-24 15:45:14,781 - tensorflow - WARNING - No training configuration found in save file, so the model was *not* compiled. Compile it manually.
2020-08-24 16:05:37,473 - tensorflow - WARNING - No training configuration found in save file, so the model was *not* compiled. Compile it manually.
2020-08-24 16:05:37,776 - tensorflow - WARNING - No training configuration found in save file, so the model was *not* compiled. Compile it manually.
2020-08-24 16:10:17,311 - tensorflow - WARNING - No training configuration found in save file, so the model was *not* compiled. Compile it manually.
2020-08-24 16:10:17,609 - tensorflow - WARNING - No training configuration found in save file, so the model was *not* compiled. Compile it manually.
2020-08-24 16:11:04,459 - tensorflow - WARNING - No training configuration found in save file, so the model was *not* compiled. Compile it manually.
2020-08-24 16:11:04,729 - tensorflow - WARNING - No training configuration found in save file, so the model was *not* compiled. Compile it manually.
2020-08-24 16:11:04,791 - pyswarms.single.global_best - INFO - Optimize for 100 iters with {'c1': 0.5, 'c2': 0.3, 'w': 0.9, 'k': 5, 'p': 2}
2020-08-24 16:11:09,697 - pyswarms.single.global_best - INFO - Optimization finished | best cost: 1.9394881049746905e-08, best pos: [0.28 0.35 0.55 0.78 0.15 1.02 0.32 0.41 0.7  0.02]
2020-08-24 16:11:49,996 - tensorflow - WARNING - No training configuration found in save file, so the model was *not* compiled. Compile it manually.
2020-08-24 16:11:50,279 - tensorflow - WARNING - No training configuration found in save file, so the model was *not* compiled. Compile it manually.
2020-08-24 16:11:50,335 - pyswarms.single.global_best - INFO - Optimize for 100 iters with {'c1': 0.5, 'c2': 0.3, 'w': 0.9, 'k': 5, 'p': 2}
2020-08-24 16:11:55,086 - pyswarms.single.global_best - INFO - Optimization finished | best cost: 9.549791351051833e-07, best pos: [0.41 0.32 0.9  0.64 0.62 0.3  0.15 0.46 0.16 0.64]
2020-08-24 16:11:55,250 - pyswarms.single.global_best - INFO - Optimize for 100 iters with {'c1': 0.5, 'c2': 0.3, 'w': 0.9, 'k': 5, 'p': 2}
2020-08-24 16:11:59,718 - pyswarms.single.global_best - INFO - Optimization finished | best cost: 5.759923563630991e-09, best pos: [ 0.   -1.27  0.62  0.42  1.09  0.76  0.35  0.09 -0.05  0.4 ]
2020-08-24 16:11:59,810 - pyswarms.single.global_best - INFO - Optimize for 100 iters with {'c1': 0.5, 'c2': 0.3, 'w': 0.9, 'k': 5, 'p': 2}
2020-08-24 16:12:04,468 - pyswarms.single.global_best - INFO - Optimization finished | best cost: 6.58926573749682e-07, best pos: [ 0.5   0.87  0.25 -0.03  0.04  0.49  0.21 -0.08  0.14 -0.07]
2020-08-24 16:12:04,558 - pyswarms.single.global_best - INFO - Optimize for 100 iters with {'c1': 0.5, 'c2': 0.3, 'w': 0.9, 'k': 5, 'p': 2}
2020-08-24 16:12:09,179 - pyswarms.single.global_best - INFO - Optimization finished | best cost: 5.8003894018819504e-08, best pos: [-0.54 -0.46 -0.34  0.09  0.45 -0.74 -0.85  0.04  0.06  0.17]
2020-08-24 16:12:09,264 - pyswarms.single.global_best - INFO - Optimize for 100 iters with {'c1': 0.5, 'c2': 0.3, 'w': 0.9, 'k': 5, 'p': 2}
2020-08-24 16:12:13,761 - pyswarms.single.global_best - INFO - Optimization finished | best cost: 3.0733470771915578e-09, best pos: [-0.11 -0.01  0.24 -0.46 -0.47 -0.04  0.59  0.27 -0.64  0.  ]
2020-08-24 16:12:13,852 - pyswarms.single.global_best - INFO - Optimize for 100 iters with {'c1': 0.5, 'c2': 0.3, 'w': 0.9, 'k': 5, 'p': 2}
2020-08-24 16:12:18,395 - pyswarms.single.global_best - INFO - Optimization finished | best cost: 2.32833887245578e-11, best pos: [-0.17  0.42  0.48  0.35  0.25  1.15 -0.2   0.85  0.45  0.19]
2020-08-24 16:12:18,497 - pyswarms.single.global_best - INFO - Optimize for 100 iters with {'c1': 0.5, 'c2': 0.3, 'w': 0.9, 'k': 5, 'p': 2}
2020-08-24 16:13:57,164 - tensorflow - WARNING - No training configuration found in save file, so the model was *not* compiled. Compile it manually.
2020-08-24 16:13:57,481 - tensorflow - WARNING - No training configuration found in save file, so the model was *not* compiled. Compile it manually.
2020-08-24 16:13:57,551 - pyswarms.single.global_best - INFO - Optimize for 100 iters with {'c1': 0.5, 'c2': 0.3, 'w': 0.9, 'k': 5, 'p': 2}
2020-08-24 16:14:02,193 - pyswarms.single.global_best - INFO - Optimization finished | best cost: 9.661766373509572e-12, best pos: [-0.44  0.22  0.3  -0.57 -0.06 -0.27 -0.16 -0.7  -0.6  -0.4 ]
2020-08-24 16:14:02,352 - pyswarms.single.global_best - INFO - Optimize for 100 iters with {'c1': 0.5, 'c2': 0.3, 'w': 0.9, 'k': 5, 'p': 2}
2020-08-24 16:14:06,857 - pyswarms.single.global_best - INFO - Optimization finished | best cost: 2.9707282430650256e-05, best pos: [-0.73 -0.83  0.35  0.63 -0.2  -0.11  0.31  0.03 -0.28 -0.16]
2020-08-24 16:14:06,958 - pyswarms.single.global_best - INFO - Optimize for 100 iters with {'c1': 0.5, 'c2': 0.3, 'w': 0.9, 'k': 5, 'p': 2}
2020-08-24 16:14:11,467 - pyswarms.single.global_best - INFO - Optimization finished | best cost: 4.500838370768244e-06, best pos: [ 0.14  0.42 -0.27 -0.15  0.26  1.12  0.28  0.    0.78  0.52]
2020-08-24 16:14:11,556 - pyswarms.single.global_best - INFO - Optimize for 100 iters with {'c1': 0.5, 'c2': 0.3, 'w': 0.9, 'k': 5, 'p': 2}
2020-08-24 16:14:16,156 - pyswarms.single.global_best - INFO - Optimization finished | best cost: 6.596092903606596e-10, best pos: [ 0.46 -0.83 -0.03 -0.19  0.46 -0.07  0.34 -0.18  0.08  0.59]
2020-08-24 16:14:16,257 - pyswarms.single.global_best - INFO - Optimize for 100 iters with {'c1': 0.5, 'c2': 0.3, 'w': 0.9, 'k': 5, 'p': 2}
2020-08-24 16:14:20,784 - pyswarms.single.global_best - INFO - Optimization finished | best cost: 9.533396574052422e-07, best pos: [ 0.46 -0.92 -0.1   1.02 -0.26  0.46  0.08  0.46  0.44  0.03]
2020-08-24 16:15:34,110 - tensorflow - WARNING - No training configuration found in save file, so the model was *not* compiled. Compile it manually.
2020-08-24 16:15:34,388 - tensorflow - WARNING - No training configuration found in save file, so the model was *not* compiled. Compile it manually.
2020-08-24 16:15:51,203 - tensorflow - WARNING - No training configuration found in save file, so the model was *not* compiled. Compile it manually.
2020-08-24 16:15:51,431 - tensorflow - WARNING - No training configuration found in save file, so the model was *not* compiled. Compile it manually.
2020-08-24 16:17:01,851 - tensorflow - WARNING - No training configuration found in save file, so the model was *not* compiled. Compile it manually.
2020-08-24 16:17:02,171 - tensorflow - WARNING - No training configuration found in save file, so the model was *not* compiled. Compile it manually.
2020-08-24 16:17:02,233 - pyswarms.single.global_best - INFO - Optimize for 100 iters with {'c1': 0.5, 'c2': 0.3, 'w': 0.9, 'k': 5, 'p': 2}
2020-08-24 16:17:06,931 - pyswarms.single.global_best - INFO - Optimization finished | best cost: 9.214246492811074e-08, best pos: [ 0.15 -0.77 -0.53 -0.06 -0.39  0.08 -0.66 -0.45  0.02  0.28]
2020-08-24 16:17:07,092 - pyswarms.single.global_best - INFO - Optimize for 100 iters with {'c1': 0.5, 'c2': 0.3, 'w': 0.9, 'k': 5, 'p': 2}
2020-08-24 16:17:11,594 - pyswarms.single.global_best - INFO - Optimization finished | best cost: 9.949560984687853e-09, best pos: [ 0.16  0.62  0.44 -0.12 -0.08  0.2   0.03  0.56  0.14  0.24]
2020-08-24 16:17:11,678 - pyswarms.single.global_best - INFO - Optimize for 100 iters with {'c1': 0.5, 'c2': 0.3, 'w': 0.9, 'k': 5, 'p': 2}
2020-08-24 16:17:16,231 - pyswarms.single.global_best - INFO - Optimization finished | best cost: 4.926933520329399e-09, best pos: [ 0.34 -0.07  0.15 -0.44  0.82  0.87  0.24 -0.27 -0.08  0.15]
2020-08-24 16:17:16,312 - pyswarms.single.global_best - INFO - Optimize for 100 iters with {'c1': 0.5, 'c2': 0.3, 'w': 0.9, 'k': 5, 'p': 2}
2020-08-24 16:17:20,960 - pyswarms.single.global_best - INFO - Optimization finished | best cost: 3.071433354828371e-06, best pos: [-0.4   0.07 -0.03  0.12 -0.28 -0.51 -1.15 -0.61 -0.43  0.24]
2020-08-24 16:17:21,041 - pyswarms.single.global_best - INFO - Optimize for 100 iters with {'c1': 0.5, 'c2': 0.3, 'w': 0.9, 'k': 5, 'p': 2}
2020-08-24 16:17:25,577 - pyswarms.single.global_best - INFO - Optimization finished | best cost: 4.354645132974017e-09, best pos: [ 0.26 -0.08 -0.33  0.12  0.11  0.09  0.43 -1.05 -0.64 -0.05]
2020-08-24 16:17:25,662 - pyswarms.single.global_best - INFO - Optimize for 100 iters with {'c1': 0.5, 'c2': 0.3, 'w': 0.9, 'k': 5, 'p': 2}
2020-08-24 16:17:30,245 - pyswarms.single.global_best - INFO - Optimization finished | best cost: 8.467676648131947e-08, best pos: [ 0.47  0.18  0.56  0.31 -0.17  0.2   0.25  0.84 -0.04  0.57]
2020-08-24 16:17:30,328 - pyswarms.single.global_best - INFO - Optimize for 100 iters with {'c1': 0.5, 'c2': 0.3, 'w': 0.9, 'k': 5, 'p': 2}
2020-08-24 16:17:35,016 - pyswarms.single.global_best - INFO - Optimization finished | best cost: 9.580744311192223e-08, best pos: [-0.12 -0.44 -0.97  0.01 -0.27 -0.05  0.19 -0.54  0.46  0.14]
2020-08-24 16:17:35,098 - pyswarms.single.global_best - INFO - Optimize for 100 iters with {'c1': 0.5, 'c2': 0.3, 'w': 0.9, 'k': 5, 'p': 2}
2020-08-24 16:17:57,305 - tensorflow - WARNING - No training configuration found in save file, so the model was *not* compiled. Compile it manually.
2020-08-24 16:17:58,224 - tensorflow - WARNING - No training configuration found in save file, so the model was *not* compiled. Compile it manually.
2020-08-24 16:17:58,346 - pyswarms.single.global_best - INFO - Optimize for 100 iters with {'c1': 0.5, 'c2': 0.3, 'w': 0.9, 'k': 5, 'p': 2}
2020-08-24 16:18:04,290 - pyswarms.single.global_best - INFO - Optimization finished | best cost: 1.163998816667728e-06, best pos: [0.33 0.79 0.13 0.33 0.17 0.66 0.2  0.77 0.25 0.45]
2020-08-24 16:18:04,461 - pyswarms.single.global_best - INFO - Optimize for 100 iters with {'c1': 0.5, 'c2': 0.3, 'w': 0.9, 'k': 5, 'p': 2}
2020-08-24 16:18:08,881 - pyswarms.single.global_best - INFO - Optimization finished | best cost: 2.6750500717640068e-09, best pos: [-0.51  0.46 -0.9  -0.27  0.32  0.09 -0.32 -0.15 -0.67  0.05]
2020-08-24 16:18:08,978 - pyswarms.single.global_best - INFO - Optimize for 100 iters with {'c1': 0.5, 'c2': 0.3, 'w': 0.9, 'k': 5, 'p': 2}
2020-08-24 16:18:13,399 - pyswarms.single.global_best - INFO - Optimization finished | best cost: 2.4290282509700837e-07, best pos: [ 0.27  0.43  0.53  0.54  0.44  0.4  -0.62  0.47 -0.18 -0.07]
2020-08-24 16:18:13,493 - pyswarms.single.global_best - INFO - Optimize for 100 iters with {'c1': 0.5, 'c2': 0.3, 'w': 0.9, 'k': 5, 'p': 2}
2020-08-24 16:18:18,023 - pyswarms.single.global_best - INFO - Optimization finished | best cost: 4.180846017282244e-07, best pos: [-0.06 -0.78 -0.23 -0.39  0.48 -0.13  0.32 -0.46  0.68  0.62]
2020-08-24 16:18:18,134 - pyswarms.single.global_best - INFO - Optimize for 100 iters with {'c1': 0.5, 'c2': 0.3, 'w': 0.9, 'k': 5, 'p': 2}
2020-08-24 16:18:22,544 - pyswarms.single.global_best - INFO - Optimization finished | best cost: 6.225775420048779e-10, best pos: [-0.04  0.61  0.37  0.63  0.25  0.11  0.25  0.07  0.21  0.81]
2020-08-24 16:21:08,823 - tensorflow - WARNING - No training configuration found in save file, so the model was *not* compiled. Compile it manually.
2020-08-24 16:21:09,119 - tensorflow - WARNING - No training configuration found in save file, so the model was *not* compiled. Compile it manually.
2020-08-24 16:21:09,192 - pyswarms.single.global_best - INFO - Optimize for 100 iters with {'c1': 0.5, 'c2': 0.3, 'w': 0.9, 'k': 5, 'p': 2}
2020-08-24 16:21:13,849 - pyswarms.single.global_best - INFO - Optimization finished | best cost: 1.6532228955175878e-09, best pos: [ 0.18  0.01 -0.15  0.21 -0.04 -0.38  0.27  0.58  0.07 -0.49]
2020-08-24 16:21:14,010 - pyswarms.single.global_best - INFO - Optimize for 100 iters with {'c1': 0.5, 'c2': 0.3, 'w': 0.9, 'k': 5, 'p': 2}
2020-08-24 16:21:18,481 - pyswarms.single.global_best - INFO - Optimization finished | best cost: 2.317309804068761e-08, best pos: [ 0.42  0.28 -0.49  0.27  0.47 -0.18  0.21 -0.33  0.6   0.09]
2020-08-24 16:21:18,562 - pyswarms.single.global_best - INFO - Optimize for 100 iters with {'c1': 0.5, 'c2': 0.3, 'w': 0.9, 'k': 5, 'p': 2}
2020-08-24 16:21:23,063 - pyswarms.single.global_best - INFO - Optimization finished | best cost: 1.90416716713907e-08, best pos: [-0.41  0.4  -0.44  0.51 -0.01  0.01  0.02  0.76  0.14  0.52]
2020-08-24 16:21:23,158 - pyswarms.single.global_best - INFO - Optimize for 100 iters with {'c1': 0.5, 'c2': 0.3, 'w': 0.9, 'k': 5, 'p': 2}
2020-08-24 16:21:27,744 - pyswarms.single.global_best - INFO - Optimization finished | best cost: 1.4982671869818193e-06, best pos: [ 0.05 -0.43  0.04 -0.27  0.34  0.43  0.43 -0.45  0.82 -0.54]
2020-08-24 16:21:27,843 - pyswarms.single.global_best - INFO - Optimize for 100 iters with {'c1': 0.5, 'c2': 0.3, 'w': 0.9, 'k': 5, 'p': 2}
2020-08-24 16:21:32,357 - pyswarms.single.global_best - INFO - Optimization finished | best cost: 1.0238718697854698e-07, best pos: [-0.14  0.58 -0.2  -0.52 -0.07  0.07 -0.16 -0.43 -0.91  0.68]
2020-08-24 16:22:17,149 - tensorflow - WARNING - No training configuration found in save file, so the model was *not* compiled. Compile it manually.
2020-08-24 16:22:17,409 - tensorflow - WARNING - No training configuration found in save file, so the model was *not* compiled. Compile it manually.
2020-08-24 16:22:17,470 - pyswarms.single.global_best - INFO - Optimize for 500 iters with {'c1': 0.5, 'c2': 0.3, 'w': 0.9, 'k': 5, 'p': 2}
2020-08-24 16:22:42,914 - pyswarms.single.global_best - INFO - Optimization finished | best cost: 3.0401892653507497e-20, best pos: [ 0.08  0.14  0.58  0.11 -0.44  0.01  0.78 -0.02 -0.04 -0.06]
2020-08-24 16:22:42,993 - pyswarms.single.global_best - INFO - Optimize for 500 iters with {'c1': 0.5, 'c2': 0.3, 'w': 0.9, 'k': 5, 'p': 2}
2020-08-24 16:23:08,783 - pyswarms.single.global_best - INFO - Optimization finished | best cost: 7.243603807056485e-17, best pos: [ 0.25 -0.82 -0.5  -0.03 -0.65 -0.2   0.49  0.4  -0.01  0.28]
2020-08-24 16:23:08,869 - pyswarms.single.global_best - INFO - Optimize for 500 iters with {'c1': 0.5, 'c2': 0.3, 'w': 0.9, 'k': 5, 'p': 2}
2020-08-24 16:23:34,804 - pyswarms.single.global_best - INFO - Optimization finished | best cost: 1.1812004175877853e-16, best pos: [ 0.14  0.33 -0.1   0.57 -0.36  0.07  0.51  0.44 -0.18  0.15]
2020-08-24 16:23:34,887 - pyswarms.single.global_best - INFO - Optimize for 500 iters with {'c1': 0.5, 'c2': 0.3, 'w': 0.9, 'k': 5, 'p': 2}
2020-08-24 16:26:07,946 - tensorflow - WARNING - No training configuration found in save file, so the model was *not* compiled. Compile it manually.
2020-08-24 16:26:08,255 - tensorflow - WARNING - No training configuration found in save file, so the model was *not* compiled. Compile it manually.
2020-08-24 16:27:08,642 - tensorflow - WARNING - No training configuration found in save file, so the model was *not* compiled. Compile it manually.
2020-08-24 16:27:08,867 - tensorflow - WARNING - No training configuration found in save file, so the model was *not* compiled. Compile it manually.
2020-08-24 16:30:26,490 - tensorflow - WARNING - No training configuration found in save file, so the model was *not* compiled. Compile it manually.
2020-08-24 16:30:26,793 - tensorflow - WARNING - No training configuration found in save file, so the model was *not* compiled. Compile it manually.
2020-08-24 16:30:42,711 - tensorflow - WARNING - No training configuration found in save file, so the model was *not* compiled. Compile it manually.
2020-08-24 16:30:43,024 - tensorflow - WARNING - No training configuration found in save file, so the model was *not* compiled. Compile it manually.
2020-08-24 16:30:43,135 - pyswarms.single.global_best - INFO - Optimize for 500 iters with {'c1': 0.5, 'c2': 0.3, 'w': 0.9, 'k': 5, 'p': 2}
2020-08-24 16:32:47,238 - tensorflow - WARNING - No training configuration found in save file, so the model was *not* compiled. Compile it manually.
2020-08-24 16:32:47,568 - tensorflow - WARNING - No training configuration found in save file, so the model was *not* compiled. Compile it manually.
2020-08-24 16:32:47,681 - pyswarms.single.global_best - INFO - Optimize for 500 iters with {'c1': 0.5, 'c2': 0.3, 'w': 0.9, 'k': 5, 'p': 2}
2020-08-24 16:33:13,905 - pyswarms.single.global_best - INFO - Optimization finished | best cost: 3.2059363364627557e-16, best pos: [0.07 0.61 0.39 0.48 0.49 0.03 0.34 0.37 0.22 0.11]
2020-08-24 16:33:14,023 - pyswarms.single.global_best - INFO - Optimize for 500 iters with {'c1': 0.5, 'c2': 0.3, 'w': 0.9, 'k': 5, 'p': 2}
2020-08-24 16:33:39,672 - pyswarms.single.global_best - INFO - Optimization finished | best cost: 7.707304064363732e-17, best pos: [-0.36 -0.48 -0.15 -0.04  0.06 -0.35  0.48  0.18  0.02  0.13]
2020-08-24 16:33:39,886 - pyswarms.single.global_best - INFO - Optimize for 500 iters with {'c1': 0.5, 'c2': 0.3, 'w': 0.9, 'k': 5, 'p': 2}
2020-08-24 16:34:07,568 - pyswarms.single.global_best - INFO - Optimization finished | best cost: 1.0621477033997275e-18, best pos: [ 0.36  0.18 -0.76 -0.23 -0.1   0.13 -0.08 -0.05  0.04 -0.22]
2020-08-24 16:34:07,963 - pyswarms.single.global_best - INFO - Optimize for 500 iters with {'c1': 0.5, 'c2': 0.3, 'w': 0.9, 'k': 5, 'p': 2}
2020-08-24 16:34:35,836 - pyswarms.single.global_best - INFO - Optimization finished | best cost: 2.0362310787649954e-17, best pos: [ 0.01 -0.13 -0.09  0.34 -0.43  0.25  0.29 -0.46  0.23  0.54]
2020-08-24 16:34:35,951 - pyswarms.single.global_best - INFO - Optimize for 500 iters with {'c1': 0.5, 'c2': 0.3, 'w': 0.9, 'k': 5, 'p': 2}
2020-08-24 16:35:06,055 - pyswarms.single.global_best - INFO - Optimization finished | best cost: 1.2999333594097103e-19, best pos: [ 0.46  0.14  0.23 -0.1  -0.04 -0.04 -0.4  -0.75 -0.1  -0.05]
2020-08-25 15:04:33,015 - tensorflow - WARNING - No training configuration found in save file, so the model was *not* compiled. Compile it manually.
2020-08-25 15:04:33,314 - tensorflow - WARNING - No training configuration found in save file, so the model was *not* compiled. Compile it manually.
2020-08-25 15:04:33,375 - pyswarms.single.global_best - INFO - Optimize for 500 iters with {'c1': 0.5, 'c2': 0.3, 'w': 0.9, 'k': 5, 'p': 2}
2020-08-25 15:05:03,334 - pyswarms.single.global_best - INFO - Optimization finished | best cost: 4.786532823896948e-18, best pos: [ 0.18 -0.04 -0.22 -0.07  0.53 -0.03 -0.06  0.58 -0.32  0.24]
2020-08-25 15:05:03,441 - pyswarms.single.global_best - INFO - Optimize for 500 iters with {'c1': 0.5, 'c2': 0.3, 'w': 0.9, 'k': 5, 'p': 2}
2020-08-25 15:05:34,581 - pyswarms.single.global_best - INFO - Optimization finished | best cost: 5.88740417022159e-20, best pos: [ 0.09 -0.21  0.23  0.03 -0.11  0.19  0.68 -0.   -0.01  0.24]
2020-08-25 15:05:34,673 - pyswarms.single.global_best - INFO - Optimize for 500 iters with {'c1': 0.5, 'c2': 0.3, 'w': 0.9, 'k': 5, 'p': 2}
2020-08-25 15:06:03,308 - pyswarms.single.global_best - INFO - Optimization finished | best cost: 2.4931783919336484e-18, best pos: [ 0.54  0.34  0.07 -0.29  0.24  0.53  0.02  0.32  0.09  0.66]
2020-08-25 15:06:03,398 - pyswarms.single.global_best - INFO - Optimize for 500 iters with {'c1': 0.5, 'c2': 0.3, 'w': 0.9, 'k': 5, 'p': 2}
2020-08-25 15:06:36,020 - pyswarms.single.global_best - INFO - Optimization finished | best cost: 7.305413923336734e-18, best pos: [ 0.37  0.43  0.07 -0.22 -0.04  0.48  0.21 -0.14  0.52  0.38]
2020-08-25 15:06:36,101 - pyswarms.single.global_best - INFO - Optimize for 500 iters with {'c1': 0.5, 'c2': 0.3, 'w': 0.9, 'k': 5, 'p': 2}
2020-08-25 15:07:07,417 - pyswarms.single.global_best - INFO - Optimization finished | best cost: 3.373918980985515e-19, best pos: [-0.25  0.08  0.19  0.38 -0.14 -0.35  0.17  0.17 -0.23  0.21]
2020-08-25 15:22:47,400 - tensorflow - WARNING - No training configuration found in save file, so the model was *not* compiled. Compile it manually.
2020-08-25 15:22:47,718 - tensorflow - WARNING - No training configuration found in save file, so the model was *not* compiled. Compile it manually.
2020-08-25 15:22:47,765 - pyswarms.single.global_best - INFO - Optimize for 500 iters with {'c1': 0.5, 'c2': 0.3, 'w': 0.9, 'k': 5, 'p': 2}
2020-08-25 15:23:13,184 - pyswarms.single.global_best - INFO - Optimization finished | best cost: 2.2073595468599417e-14, best pos: [ 0.05  0.54  0.19  0.57  0.07  0.46 -0.3  -0.02  0.06 -0.02]
2020-08-25 15:23:13,318 - pyswarms.single.global_best - INFO - Optimize for 500 iters with {'c1': 0.5, 'c2': 0.3, 'w': 0.9, 'k': 5, 'p': 2}
2020-08-25 15:23:41,234 - pyswarms.single.global_best - INFO - Optimization finished | best cost: 8.044816465225865e-19, best pos: [-0.05 -0.84  0.14 -0.35 -0.49  0.12 -0.22 -0.24 -0.24  0.23]
2020-08-25 15:23:41,317 - pyswarms.single.global_best - INFO - Optimize for 500 iters with {'c1': 0.5, 'c2': 0.3, 'w': 0.9, 'k': 5, 'p': 2}
2020-08-25 15:24:09,467 - pyswarms.single.global_best - INFO - Optimization finished | best cost: 6.101599216103619e-19, best pos: [-0.12 -0.31 -0.42  0.47  0.44  0.22  0.42  0.17  0.28  0.15]
2020-08-25 15:24:09,551 - pyswarms.single.global_best - INFO - Optimize for 500 iters with {'c1': 0.5, 'c2': 0.3, 'w': 0.9, 'k': 5, 'p': 2}
2020-08-25 15:24:36,691 - pyswarms.single.global_best - INFO - Optimization finished | best cost: 8.490379150889789e-20, best pos: [ 0.31 -0.13 -0.07 -0.32 -0.31 -0.5  -0.    0.19 -0.45 -0.07]
2020-08-25 15:24:36,826 - pyswarms.single.global_best - INFO - Optimize for 500 iters with {'c1': 0.5, 'c2': 0.3, 'w': 0.9, 'k': 5, 'p': 2}
2020-08-25 15:25:06,972 - pyswarms.single.global_best - INFO - Optimization finished | best cost: 5.729665609952471e-19, best pos: [ 0.25  0.29  0.56  0.01  0.09  0.33  0.32 -0.71  0.08  0.1 ]
2020-08-26 15:28:20,919 - tensorflow - WARNING - No training configuration found in save file, so the model was *not* compiled. Compile it manually.
2020-08-26 15:28:21,208 - tensorflow - WARNING - No training configuration found in save file, so the model was *not* compiled. Compile it manually.
2020-08-26 15:29:12,835 - tensorflow - WARNING - No training configuration found in save file, so the model was *not* compiled. Compile it manually.
2020-08-26 15:29:13,068 - tensorflow - WARNING - No training configuration found in save file, so the model was *not* compiled. Compile it manually.
2020-08-27 10:40:40,030 - tensorflow - WARNING - No training configuration found in save file, so the model was *not* compiled. Compile it manually.
2020-08-27 10:40:40,329 - tensorflow - WARNING - No training configuration found in save file, so the model was *not* compiled. Compile it manually.
2020-08-27 10:40:40,353 - pyswarms.single.global_best - INFO - Optimize for 400 iters with {'c1': 0.5, 'c2': 0.3, 'w': 0.9, 'k': 5, 'p': 2}
2020-08-27 10:41:57,655 - tensorflow - WARNING - No training configuration found in save file, so the model was *not* compiled. Compile it manually.
2020-08-27 10:41:57,883 - tensorflow - WARNING - No training configuration found in save file, so the model was *not* compiled. Compile it manually.
2020-08-27 10:41:57,891 - pyswarms.single.global_best - INFO - Optimize for 400 iters with {'c1': 0.5, 'c2': 0.3, 'w': 0.9, 'k': 5, 'p': 2}
2020-08-27 10:42:27,097 - tensorflow - WARNING - No training configuration found in save file, so the model was *not* compiled. Compile it manually.
2020-08-27 10:42:27,414 - tensorflow - WARNING - No training configuration found in save file, so the model was *not* compiled. Compile it manually.
2020-08-27 10:42:27,428 - pyswarms.single.global_best - INFO - Optimize for 400 iters with {'c1': 0.5, 'c2': 0.3, 'w': 0.9, 'k': 5, 'p': 2}
2020-08-27 10:43:40,660 - tensorflow - WARNING - No training configuration found in save file, so the model was *not* compiled. Compile it manually.
2020-08-27 10:43:40,885 - tensorflow - WARNING - No training configuration found in save file, so the model was *not* compiled. Compile it manually.
2020-08-27 10:43:40,892 - pyswarms.single.global_best - INFO - Optimize for 400 iters with {'c1': 0.5, 'c2': 0.3, 'w': 0.9, 'k': 5, 'p': 2}
2020-08-27 10:52:06,892 - tensorflow - WARNING - No training configuration found in save file, so the model was *not* compiled. Compile it manually.
2020-08-27 10:52:07,172 - tensorflow - WARNING - No training configuration found in save file, so the model was *not* compiled. Compile it manually.
2020-08-27 10:52:07,195 - pyswarms.single.global_best - INFO - Optimize for 400 iters with {'c1': 0.5, 'c2': 0.3, 'w': 0.9, 'k': 5, 'p': 2}
2020-08-27 10:52:36,234 - tensorflow - WARNING - No training configuration found in save file, so the model was *not* compiled. Compile it manually.
2020-08-27 10:52:36,551 - tensorflow - WARNING - No training configuration found in save file, so the model was *not* compiled. Compile it manually.
2020-08-27 10:52:36,580 - pyswarms.single.global_best - INFO - Optimize for 400 iters with {'c1': 0.5, 'c2': 0.3, 'w': 0.9, 'k': 5, 'p': 2}
2020-08-27 10:55:26,936 - tensorflow - WARNING - No training configuration found in save file, so the model was *not* compiled. Compile it manually.
2020-08-27 10:55:27,229 - tensorflow - WARNING - No training configuration found in save file, so the model was *not* compiled. Compile it manually.
2020-08-27 10:55:27,257 - pyswarms.single.global_best - INFO - Optimize for 400 iters with {'c1': 0.5, 'c2': 0.3, 'w': 0.9, 'k': 5, 'p': 2}
2020-08-27 10:55:46,472 - tensorflow - WARNING - No training configuration found in save file, so the model was *not* compiled. Compile it manually.
2020-08-27 10:55:46,735 - tensorflow - WARNING - No training configuration found in save file, so the model was *not* compiled. Compile it manually.
2020-08-27 10:55:46,750 - pyswarms.single.global_best - INFO - Optimize for 400 iters with {'c1': 0.5, 'c2': 0.3, 'w': 0.9, 'k': 5, 'p': 2}
2020-08-27 10:56:05,417 - tensorflow - WARNING - No training configuration found in save file, so the model was *not* compiled. Compile it manually.
2020-08-27 10:56:05,640 - tensorflow - WARNING - No training configuration found in save file, so the model was *not* compiled. Compile it manually.
2020-08-27 10:56:05,646 - pyswarms.single.global_best - INFO - Optimize for 400 iters with {'c1': 0.5, 'c2': 0.3, 'w': 0.9, 'k': 5, 'p': 2}
2020-08-27 10:56:33,292 - tensorflow - WARNING - No training configuration found in save file, so the model was *not* compiled. Compile it manually.
2020-08-27 10:56:33,595 - tensorflow - WARNING - No training configuration found in save file, so the model was *not* compiled. Compile it manually.
2020-08-27 10:56:33,622 - pyswarms.single.global_best - INFO - Optimize for 400 iters with {'c1': 0.5, 'c2': 0.3, 'w': 0.9, 'k': 5, 'p': 2}
2020-08-27 10:56:53,244 - pyswarms.single.global_best - INFO - Optimization finished | best cost: 1.1871998205060441, best pos: [ 0.04358223 -0.03470654 -0.01685782 -0.02423431 -0.01451266  0.03851591
 -0.03607145  0.00286299  0.00555014 -0.00225036]
2020-08-27 10:56:53,296 - pyswarms.single.global_best - INFO - Optimize for 400 iters with {'c1': 0.5, 'c2': 0.3, 'w': 0.9, 'k': 5, 'p': 2}
2020-08-27 10:57:12,524 - pyswarms.single.global_best - INFO - Optimization finished | best cost: 1.181889729050327, best pos: [ 0.03928978 -0.07603158  0.00103214 -0.04190996  0.01923001  0.00441535
 -0.03195742 -0.02642775 -0.00441984  0.00554191]
2020-08-27 10:57:12,567 - pyswarms.single.global_best - INFO - Optimize for 400 iters with {'c1': 0.5, 'c2': 0.3, 'w': 0.9, 'k': 5, 'p': 2}
2020-08-27 10:57:31,513 - pyswarms.single.global_best - INFO - Optimization finished | best cost: 1.1979002209805143, best pos: [ 0.06566928  0.0102771  -0.00159327 -0.01608521 -0.08847559  0.01217932
 -0.02998303 -0.00327109  0.01965558  0.01299622]
2020-08-27 10:57:31,553 - pyswarms.single.global_best - INFO - Optimize for 400 iters with {'c1': 0.5, 'c2': 0.3, 'w': 0.9, 'k': 5, 'p': 2}
2020-08-27 10:57:50,677 - pyswarms.single.global_best - INFO - Optimization finished | best cost: 1.267601636612204, best pos: [ 0.03653885 -0.03215253 -0.03097329  0.0140305  -0.02577915  0.02599294
  0.00177698  0.00905008 -0.01113265  0.00690661]
2020-08-27 10:57:50,717 - pyswarms.single.global_best - INFO - Optimize for 400 iters with {'c1': 0.5, 'c2': 0.3, 'w': 0.9, 'k': 5, 'p': 2}
2020-08-27 10:58:09,916 - pyswarms.single.global_best - INFO - Optimization finished | best cost: 1.253241917425622, best pos: [ 0.03700706 -0.03013675 -0.03568823  0.02380511 -0.02928774  0.00495746
  0.01009531 -0.00364562  0.02182395 -0.00813229]
2020-08-27 10:58:50,553 - tensorflow - WARNING - No training configuration found in save file, so the model was *not* compiled. Compile it manually.
2020-08-27 10:58:50,777 - tensorflow - WARNING - No training configuration found in save file, so the model was *not* compiled. Compile it manually.
2020-08-27 10:58:50,784 - pyswarms.single.global_best - INFO - Optimize for 400 iters with {'c1': 0.5, 'c2': 0.3, 'w': 0.9, 'k': 5, 'p': 2}
2020-08-27 10:59:10,591 - pyswarms.single.global_best - INFO - Optimization finished | best cost: 1.1871998205060441, best pos: [ 0.04358223 -0.03470654 -0.01685782 -0.02423431 -0.01451266  0.03851591
 -0.03607145  0.00286299  0.00555014 -0.00225036]
2020-08-27 10:59:10,637 - pyswarms.single.global_best - INFO - Optimize for 400 iters with {'c1': 0.5, 'c2': 0.3, 'w': 0.9, 'k': 5, 'p': 2}
2020-08-27 11:00:01,380 - tensorflow - WARNING - No training configuration found in save file, so the model was *not* compiled. Compile it manually.
2020-08-27 11:00:01,698 - tensorflow - WARNING - No training configuration found in save file, so the model was *not* compiled. Compile it manually.
2020-08-27 11:00:01,727 - pyswarms.single.global_best - INFO - Optimize for 400 iters with {'c1': 0.5, 'c2': 0.3, 'w': 0.9, 'k': 5, 'p': 2}
2020-08-27 11:00:23,366 - pyswarms.single.global_best - INFO - Optimization finished | best cost: 1.1871998205060441, best pos: [ 0.04358223 -0.03470654 -0.01685782 -0.02423431 -0.01451266  0.03851591
 -0.03607145  0.00286299  0.00555014 -0.00225036]
2020-08-27 11:00:23,427 - pyswarms.single.global_best - INFO - Optimize for 400 iters with {'c1': 0.5, 'c2': 0.3, 'w': 0.9, 'k': 5, 'p': 2}
2020-08-27 11:00:43,203 - pyswarms.single.global_best - INFO - Optimization finished | best cost: 1.181889729050327, best pos: [ 0.03928978 -0.07603158  0.00103214 -0.04190996  0.01923001  0.00441535
 -0.03195742 -0.02642775 -0.00441984  0.00554191]
2020-08-27 11:00:43,243 - pyswarms.single.global_best - INFO - Optimize for 400 iters with {'c1': 0.5, 'c2': 0.3, 'w': 0.9, 'k': 5, 'p': 2}
2020-08-27 11:01:02,822 - pyswarms.single.global_best - INFO - Optimization finished | best cost: 1.1979002209805143, best pos: [ 0.06566928  0.0102771  -0.00159327 -0.01608521 -0.08847559  0.01217932
 -0.02998303 -0.00327109  0.01965558  0.01299622]
2020-08-27 11:01:02,863 - pyswarms.single.global_best - INFO - Optimize for 400 iters with {'c1': 0.5, 'c2': 0.3, 'w': 0.9, 'k': 5, 'p': 2}
2020-08-27 11:01:22,095 - pyswarms.single.global_best - INFO - Optimization finished | best cost: 1.267601636612204, best pos: [ 0.03653885 -0.03215253 -0.03097329  0.0140305  -0.02577915  0.02599294
  0.00177698  0.00905008 -0.01113265  0.00690661]
2020-08-27 11:01:22,137 - pyswarms.single.global_best - INFO - Optimize for 400 iters with {'c1': 0.5, 'c2': 0.3, 'w': 0.9, 'k': 5, 'p': 2}
2020-08-27 11:01:41,636 - pyswarms.single.global_best - INFO - Optimization finished | best cost: 1.253241917425622, best pos: [ 0.03700706 -0.03013675 -0.03568823  0.02380511 -0.02928774  0.00495746
  0.01009531 -0.00364562  0.02182395 -0.00813229]
2020-08-27 11:03:23,249 - tensorflow - WARNING - No training configuration found in save file, so the model was *not* compiled. Compile it manually.
2020-08-27 11:03:23,554 - tensorflow - WARNING - No training configuration found in save file, so the model was *not* compiled. Compile it manually.
2020-08-27 11:03:23,576 - pyswarms.single.global_best - INFO - Optimize for 400 iters with {'c1': 0.5, 'c2': 0.3, 'w': 0.9, 'k': 5, 'p': 2}
2020-08-27 11:03:43,074 - pyswarms.single.global_best - INFO - Optimization finished | best cost: 3.2720768095326826e-16, best pos: [ 0.29264805 -0.20891784  0.25424305  0.089244   -0.14434843 -0.40728819
 -0.00330559 -0.3306058  -0.26494366  0.56401823]
2020-08-27 11:03:43,124 - pyswarms.single.global_best - INFO - Optimize for 400 iters with {'c1': 0.5, 'c2': 0.3, 'w': 0.9, 'k': 5, 'p': 2}
2020-08-27 11:04:08,292 - pyswarms.single.global_best - INFO - Optimization finished | best cost: 2.170359946593095e-20, best pos: [-0.00497843 -0.47675563 -0.0032629   0.36779895 -0.11484217  0.55139392
  0.32834748  0.21498563 -0.0036381   0.39260978]
2020-08-27 11:04:08,365 - pyswarms.single.global_best - INFO - Optimize for 400 iters with {'c1': 0.5, 'c2': 0.3, 'w': 0.9, 'k': 5, 'p': 2}
2020-08-27 11:04:31,548 - pyswarms.single.global_best - INFO - Optimization finished | best cost: 7.612498157310556e-16, best pos: [ 0.60116225  0.15631535  0.11393104  0.4943902  -0.21292107  0.7130581
 -0.10970183  0.14850474  0.08495976  0.30271716]
2020-08-27 11:04:31,598 - pyswarms.single.global_best - INFO - Optimize for 400 iters with {'c1': 0.5, 'c2': 0.3, 'w': 0.9, 'k': 5, 'p': 2}
2020-08-27 11:04:53,962 - pyswarms.single.global_best - INFO - Optimization finished | best cost: 3.3112728333630255e-19, best pos: [ 0.24127741 -0.18513453 -0.03949761  0.04732725  0.02328701  0.45885608
 -0.3697447  -0.1782238   0.19211958  0.01365915]
2020-08-27 11:04:54,008 - pyswarms.single.global_best - INFO - Optimize for 400 iters with {'c1': 0.5, 'c2': 0.3, 'w': 0.9, 'k': 5, 'p': 2}
2020-08-27 11:05:13,859 - pyswarms.single.global_best - INFO - Optimization finished | best cost: 4.3943840453526527e-16, best pos: [-0.21064282  0.2404673  -0.04171173 -0.35179472  0.00945457  0.3283159
 -0.175057    0.01112967  0.25966158 -0.31867579]
2020-08-27 11:06:02,022 - tensorflow - WARNING - No training configuration found in save file, so the model was *not* compiled. Compile it manually.
2020-08-27 11:06:02,455 - tensorflow - WARNING - No training configuration found in save file, so the model was *not* compiled. Compile it manually.
2020-08-27 11:06:02,491 - pyswarms.single.global_best - INFO - Optimize for 400 iters with {'c1': 0.5, 'c2': 0.3, 'w': 0.9, 'k': 5, 'p': 2}
